This is pdfTeX, Version 3.14159265-2.6-1.40.17 (TeX Live 2016) (preloaded format=pdflatex 2016.10.24)  8 MAY 2018 14:02
entering extended mode
 \write18 enabled.
 file:line:error style messages enabled.
 %&-line parsing enabled.
**Manual.tex
(./Manual.tex
LaTeX2e <2016/03/31>
Babel <3.9r> and hyphenation patterns for 83 language(s) loaded.
(/usr/local/texlive/2016/texmf-dist/tex/latex/base/article.cls
Document Class: article 2014/09/29 v1.4h Standard LaTeX document class
(/usr/local/texlive/2016/texmf-dist/tex/latex/base/size10.clo
File: size10.clo 2014/09/29 v1.4h Standard LaTeX file (size option)
)
\c@part=\count79
\c@section=\count80
\c@subsection=\count81
\c@subsubsection=\count82
\c@paragraph=\count83
\c@subparagraph=\count84
\c@figure=\count85
\c@table=\count86
\abovecaptionskip=\skip41
\belowcaptionskip=\skip42
\bibindent=\dimen102
)
(/usr/local/texlive/2016/texmf-dist/tex/latex/geometry/geometry.sty
Package: geometry 2010/09/12 v5.6 Page Geometry

(/usr/local/texlive/2016/texmf-dist/tex/latex/graphics/keyval.sty
Package: keyval 2014/10/28 v1.15 key=value parser (DPC)
\KV@toks@=\toks14
)
(/usr/local/texlive/2016/texmf-dist/tex/generic/oberdiek/ifpdf.sty
Package: ifpdf 2016/05/14 v3.1 Provides the ifpdf switch
)
(/usr/local/texlive/2016/texmf-dist/tex/generic/oberdiek/ifvtex.sty
Package: ifvtex 2016/05/16 v1.6 Detect VTeX and its facilities (HO)
Package ifvtex Info: VTeX not detected.
)
(/usr/local/texlive/2016/texmf-dist/tex/generic/ifxetex/ifxetex.sty
Package: ifxetex 2010/09/12 v0.6 Provides ifxetex conditional
)
\Gm@cnth=\count87
\Gm@cntv=\count88
\c@Gm@tempcnt=\count89
\Gm@bindingoffset=\dimen103
\Gm@wd@mp=\dimen104
\Gm@odd@mp=\dimen105
\Gm@even@mp=\dimen106
\Gm@layoutwidth=\dimen107
\Gm@layoutheight=\dimen108
\Gm@layouthoffset=\dimen109
\Gm@layoutvoffset=\dimen110
\Gm@dimlist=\toks15
)
(/usr/local/texlive/2016/texmf-dist/tex/latex/amsmath/amsmath.sty
Package: amsmath 2016/03/10 v2.15b AMS math features
\@mathmargin=\skip43

For additional information on amsmath, use the `?' option.
(/usr/local/texlive/2016/texmf-dist/tex/latex/amsmath/amstext.sty
Package: amstext 2000/06/29 v2.01 AMS text

(/usr/local/texlive/2016/texmf-dist/tex/latex/amsmath/amsgen.sty
File: amsgen.sty 1999/11/30 v2.0 generic functions
\@emptytoks=\toks16
\ex@=\dimen111
))
(/usr/local/texlive/2016/texmf-dist/tex/latex/amsmath/amsbsy.sty
Package: amsbsy 1999/11/29 v1.2d Bold Symbols
\pmbraise@=\dimen112
)
(/usr/local/texlive/2016/texmf-dist/tex/latex/amsmath/amsopn.sty
Package: amsopn 2016/03/08 v2.02 operator names
)
\inf@bad=\count90
LaTeX Info: Redefining \frac on input line 199.
\uproot@=\count91
\leftroot@=\count92
LaTeX Info: Redefining \overline on input line 297.
\classnum@=\count93
\DOTSCASE@=\count94
LaTeX Info: Redefining \ldots on input line 394.
LaTeX Info: Redefining \dots on input line 397.
LaTeX Info: Redefining \cdots on input line 518.
\Mathstrutbox@=\box26
\strutbox@=\box27
\big@size=\dimen113
LaTeX Font Info:    Redeclaring font encoding OML on input line 634.
LaTeX Font Info:    Redeclaring font encoding OMS on input line 635.
\macc@depth=\count95
\c@MaxMatrixCols=\count96
\dotsspace@=\muskip10
\c@parentequation=\count97
\dspbrk@lvl=\count98
\tag@help=\toks17
\row@=\count99
\column@=\count100
\maxfields@=\count101
\andhelp@=\toks18
\eqnshift@=\dimen114
\alignsep@=\dimen115
\tagshift@=\dimen116
\tagwidth@=\dimen117
\totwidth@=\dimen118
\lineht@=\dimen119
\@envbody=\toks19
\multlinegap=\skip44
\multlinetaggap=\skip45
\mathdisplay@stack=\toks20
LaTeX Info: Redefining \[ on input line 2739.
LaTeX Info: Redefining \] on input line 2740.
)
(/usr/local/texlive/2016/texmf-dist/tex/latex/pgf/math/pgfmath.sty
(/usr/local/texlive/2016/texmf-dist/tex/latex/pgf/utilities/pgfrcs.sty
(/usr/local/texlive/2016/texmf-dist/tex/generic/pgf/utilities/pgfutil-common.te
x
\pgfutil@everybye=\toks21
\pgfutil@tempdima=\dimen120
\pgfutil@tempdimb=\dimen121

(/usr/local/texlive/2016/texmf-dist/tex/generic/pgf/utilities/pgfutil-common-li
sts.tex))
(/usr/local/texlive/2016/texmf-dist/tex/generic/pgf/utilities/pgfutil-latex.def
\pgfutil@abb=\box28
(/usr/local/texlive/2016/texmf-dist/tex/latex/ms/everyshi.sty
Package: everyshi 2001/05/15 v3.00 EveryShipout Package (MS)
))
(/usr/local/texlive/2016/texmf-dist/tex/generic/pgf/utilities/pgfrcs.code.tex
Package: pgfrcs 2015/08/07 v3.0.1a (rcs-revision 1.31)
)) (/usr/local/texlive/2016/texmf-dist/tex/latex/pgf/utilities/pgfkeys.sty
(/usr/local/texlive/2016/texmf-dist/tex/generic/pgf/utilities/pgfkeys.code.tex
\pgfkeys@pathtoks=\toks22
\pgfkeys@temptoks=\toks23

(/usr/local/texlive/2016/texmf-dist/tex/generic/pgf/utilities/pgfkeysfiltered.c
ode.tex
\pgfkeys@tmptoks=\toks24
)))
(/usr/local/texlive/2016/texmf-dist/tex/generic/pgf/math/pgfmath.code.tex
(/usr/local/texlive/2016/texmf-dist/tex/generic/pgf/math/pgfmathcalc.code.tex
(/usr/local/texlive/2016/texmf-dist/tex/generic/pgf/math/pgfmathutil.code.tex
\pgf@x=\dimen122
\pgf@xa=\dimen123
\pgf@xb=\dimen124
\pgf@xc=\dimen125
\pgf@y=\dimen126
\pgf@ya=\dimen127
\pgf@yb=\dimen128
\pgf@yc=\dimen129
\c@pgf@counta=\count102
\c@pgf@countb=\count103
\c@pgf@countc=\count104
\c@pgf@countd=\count105
)
(/usr/local/texlive/2016/texmf-dist/tex/generic/pgf/math/pgfmathparser.code.tex
\pgfmath@dimen=\dimen130
\pgfmath@count=\count106
\pgfmath@box=\box29
\pgfmath@toks=\toks25
\pgfmath@stack@operand=\toks26
\pgfmath@stack@operation=\toks27
)
(/usr/local/texlive/2016/texmf-dist/tex/generic/pgf/math/pgfmathfunctions.code.
tex
(/usr/local/texlive/2016/texmf-dist/tex/generic/pgf/math/pgfmathfunctions.basic
.code.tex)
(/usr/local/texlive/2016/texmf-dist/tex/generic/pgf/math/pgfmathfunctions.trigo
nometric.code.tex)
(/usr/local/texlive/2016/texmf-dist/tex/generic/pgf/math/pgfmathfunctions.rando
m.code.tex)
(/usr/local/texlive/2016/texmf-dist/tex/generic/pgf/math/pgfmathfunctions.compa
rison.code.tex)
(/usr/local/texlive/2016/texmf-dist/tex/generic/pgf/math/pgfmathfunctions.base.
code.tex)
(/usr/local/texlive/2016/texmf-dist/tex/generic/pgf/math/pgfmathfunctions.round
.code.tex)
(/usr/local/texlive/2016/texmf-dist/tex/generic/pgf/math/pgfmathfunctions.misc.
code.tex)
(/usr/local/texlive/2016/texmf-dist/tex/generic/pgf/math/pgfmathfunctions.integ
erarithmetics.code.tex)))
(/usr/local/texlive/2016/texmf-dist/tex/generic/pgf/math/pgfmathfloat.code.tex
\c@pgfmathroundto@lastzeros=\count107
))) (/usr/local/texlive/2016/texmf-dist/tex/latex/graphics/graphicx.sty
Package: graphicx 2014/10/28 v1.0g Enhanced LaTeX Graphics (DPC,SPQR)

(/usr/local/texlive/2016/texmf-dist/tex/latex/graphics/graphics.sty
Package: graphics 2016/05/09 v1.0r Standard LaTeX Graphics (DPC,SPQR)

(/usr/local/texlive/2016/texmf-dist/tex/latex/graphics/trig.sty
Package: trig 2016/01/03 v1.10 sin cos tan (DPC)
)
(/usr/local/texlive/2016/texmf-dist/tex/latex/graphics-cfg/graphics.cfg
File: graphics.cfg 2016/01/02 v1.10 sample graphics configuration
)
Package graphics Info: Driver file: pdftex.def on input line 96.

(/usr/local/texlive/2016/texmf-dist/tex/latex/pdftex-def/pdftex.def
File: pdftex.def 2011/05/27 v0.06d Graphics/color for pdfTeX

(/usr/local/texlive/2016/texmf-dist/tex/generic/oberdiek/infwarerr.sty
Package: infwarerr 2016/05/16 v1.4 Providing info/warning/error messages (HO)
)
(/usr/local/texlive/2016/texmf-dist/tex/generic/oberdiek/ltxcmds.sty
Package: ltxcmds 2016/05/16 v1.23 LaTeX kernel commands for general use (HO)
)
\Gread@gobject=\count108
))
\Gin@req@height=\dimen131
\Gin@req@width=\dimen132
)
(/usr/local/texlive/2016/texmf-dist/tex/latex/hyperref/hyperref.sty
Package: hyperref 2016/05/05 v6.83n Hypertext links for LaTeX

(/usr/local/texlive/2016/texmf-dist/tex/generic/oberdiek/hobsub-hyperref.sty
Package: hobsub-hyperref 2016/05/16 v1.14 Bundle oberdiek, subset hyperref (HO)


(/usr/local/texlive/2016/texmf-dist/tex/generic/oberdiek/hobsub-generic.sty
Package: hobsub-generic 2016/05/16 v1.14 Bundle oberdiek, subset generic (HO)
Package: hobsub 2016/05/16 v1.14 Construct package bundles (HO)
Package hobsub Info: Skipping package `infwarerr' (already loaded).
Package hobsub Info: Skipping package `ltxcmds' (already loaded).
Package: ifluatex 2016/05/16 v1.4 Provides the ifluatex switch (HO)
Package ifluatex Info: LuaTeX not detected.
Package hobsub Info: Skipping package `ifvtex' (already loaded).
Package: intcalc 2016/05/16 v1.2 Expandable calculations with integers (HO)
Package hobsub Info: Skipping package `ifpdf' (already loaded).
Package: etexcmds 2016/05/16 v1.6 Avoid name clashes with e-TeX commands (HO)
Package etexcmds Info: Could not find \expanded.
(etexcmds)             That can mean that you are not using pdfTeX 1.50 or
(etexcmds)             that some package has redefined \expanded.
(etexcmds)             In the latter case, load this package earlier.
Package: kvsetkeys 2016/05/16 v1.17 Key value parser (HO)
Package: kvdefinekeys 2016/05/16 v1.4 Define keys (HO)
Package: pdftexcmds 2016/05/10 v0.21 Utility functions of pdfTeX for LuaTeX (HO
)
Package pdftexcmds Info: LuaTeX not detected.
Package pdftexcmds Info: \pdf@primitive is available.
Package pdftexcmds Info: \pdf@ifprimitive is available.
Package pdftexcmds Info: \pdfdraftmode found.
Package: pdfescape 2016/05/16 v1.14 Implements pdfTeX's escape features (HO)
Package: bigintcalc 2016/05/16 v1.4 Expandable calculations on big integers (HO
)
Package: bitset 2016/05/16 v1.2 Handle bit-vector datatype (HO)
Package: uniquecounter 2016/05/16 v1.3 Provide unlimited unique counter (HO)
)
Package hobsub Info: Skipping package `hobsub' (already loaded).
Package: letltxmacro 2016/05/16 v1.5 Let assignment for LaTeX macros (HO)
Package: hopatch 2016/05/16 v1.3 Wrapper for package hooks (HO)
Package: xcolor-patch 2016/05/16 xcolor patch
Package: atveryend 2016/05/16 v1.9 Hooks at the very end of document (HO)
Package atveryend Info: \enddocument detected (standard20110627).
Package: atbegshi 2016/05/16 v1.17 At begin shipout hook (HO)
Package: refcount 2016/05/16 v3.5 Data extraction from label references (HO)
Package: hycolor 2016/05/16 v1.8 Color options for hyperref/bookmark (HO)
)
(/usr/local/texlive/2016/texmf-dist/tex/latex/oberdiek/auxhook.sty
Package: auxhook 2016/05/16 v1.4 Hooks for auxiliary files (HO)
)
(/usr/local/texlive/2016/texmf-dist/tex/latex/oberdiek/kvoptions.sty
Package: kvoptions 2016/05/16 v3.12 Key value format for package options (HO)
)
\@linkdim=\dimen133
\Hy@linkcounter=\count109
\Hy@pagecounter=\count110

(/usr/local/texlive/2016/texmf-dist/tex/latex/hyperref/pd1enc.def
File: pd1enc.def 2016/05/05 v6.83n Hyperref: PDFDocEncoding definition (HO)
)
\Hy@SavedSpaceFactor=\count111

(/usr/local/texlive/2016/texmf-dist/tex/latex/latexconfig/hyperref.cfg
File: hyperref.cfg 2002/06/06 v1.2 hyperref configuration of TeXLive
)
Package hyperref Info: Hyper figures OFF on input line 4446.
Package hyperref Info: Link nesting OFF on input line 4451.
Package hyperref Info: Hyper index ON on input line 4454.
Package hyperref Info: Plain pages OFF on input line 4461.
Package hyperref Info: Backreferencing OFF on input line 4466.
Package hyperref Info: Implicit mode ON; LaTeX internals redefined.
Package hyperref Info: Bookmarks ON on input line 4691.
\c@Hy@tempcnt=\count112

(/usr/local/texlive/2016/texmf-dist/tex/latex/url/url.sty
\Urlmuskip=\muskip11
Package: url 2013/09/16  ver 3.4  Verb mode for urls, etc.
)
LaTeX Info: Redefining \url on input line 5044.
\XeTeXLinkMargin=\dimen134
\Fld@menulength=\count113
\Field@Width=\dimen135
\Fld@charsize=\dimen136
Package hyperref Info: Hyper figures OFF on input line 6298.
Package hyperref Info: Link nesting OFF on input line 6303.
Package hyperref Info: Hyper index ON on input line 6306.
Package hyperref Info: backreferencing OFF on input line 6313.
Package hyperref Info: Link coloring OFF on input line 6318.
Package hyperref Info: Link coloring with OCG OFF on input line 6323.
Package hyperref Info: PDF/A mode OFF on input line 6328.
LaTeX Info: Redefining \ref on input line 6368.
LaTeX Info: Redefining \pageref on input line 6372.
\Hy@abspage=\count114
\c@Item=\count115
\c@Hfootnote=\count116
)

Package hyperref Message: Driver (autodetected): hpdftex.

(/usr/local/texlive/2016/texmf-dist/tex/latex/hyperref/hpdftex.def
File: hpdftex.def 2016/05/05 v6.83n Hyperref driver for pdfTeX
\Fld@listcount=\count117
\c@bookmark@seq@number=\count118

(/usr/local/texlive/2016/texmf-dist/tex/latex/oberdiek/rerunfilecheck.sty
Package: rerunfilecheck 2016/05/16 v1.8 Rerun checks for auxiliary files (HO)
Package uniquecounter Info: New unique counter `rerunfilecheck' on input line 2
82.
)
\Hy@SectionHShift=\skip46
)
(/usr/local/texlive/2016/texmf-dist/tex/latex/titling/titling.sty
Package: titling 2009/09/04 v2.1d maketitle typesetting
\thanksmarkwidth=\skip47
\thanksmargin=\skip48
\droptitle=\skip49
)
(/usr/local/texlive/2016/texmf-dist/tex/latex/float/float.sty
Package: float 2001/11/08 v1.3d Float enhancements (AL)
\c@float@type=\count119
\float@exts=\toks28
\float@box=\box30
\@float@everytoks=\toks29
\@floatcapt=\box31
)
(/usr/local/texlive/2016/texmf-dist/tex/latex/base/inputenc.sty
Package: inputenc 2015/03/17 v1.2c Input encoding file
\inpenc@prehook=\toks30
\inpenc@posthook=\toks31

(/usr/local/texlive/2016/texmf-dist/tex/latex/base/utf8.def
File: utf8.def 2016/02/28 v1.1s UTF-8 support for inputenc
Now handling font encoding OML ...
... no UTF-8 mapping file for font encoding OML
Now handling font encoding T1 ...
... processing UTF-8 mapping file for font encoding T1

(/usr/local/texlive/2016/texmf-dist/tex/latex/base/t1enc.dfu
File: t1enc.dfu 2016/02/28 v1.1s UTF-8 support for inputenc
   defining Unicode char U+00A0 (decimal 160)
   defining Unicode char U+00A1 (decimal 161)
   defining Unicode char U+00A3 (decimal 163)
   defining Unicode char U+00AB (decimal 171)
   defining Unicode char U+00AD (decimal 173)
   defining Unicode char U+00BB (decimal 187)
   defining Unicode char U+00BF (decimal 191)
   defining Unicode char U+00C0 (decimal 192)
   defining Unicode char U+00C1 (decimal 193)
   defining Unicode char U+00C2 (decimal 194)
   defining Unicode char U+00C3 (decimal 195)
   defining Unicode char U+00C4 (decimal 196)
   defining Unicode char U+00C5 (decimal 197)
   defining Unicode char U+00C6 (decimal 198)
   defining Unicode char U+00C7 (decimal 199)
   defining Unicode char U+00C8 (decimal 200)
   defining Unicode char U+00C9 (decimal 201)
   defining Unicode char U+00CA (decimal 202)
   defining Unicode char U+00CB (decimal 203)
   defining Unicode char U+00CC (decimal 204)
   defining Unicode char U+00CD (decimal 205)
   defining Unicode char U+00CE (decimal 206)
   defining Unicode char U+00CF (decimal 207)
   defining Unicode char U+00D0 (decimal 208)
   defining Unicode char U+00D1 (decimal 209)
   defining Unicode char U+00D2 (decimal 210)
   defining Unicode char U+00D3 (decimal 211)
   defining Unicode char U+00D4 (decimal 212)
   defining Unicode char U+00D5 (decimal 213)
   defining Unicode char U+00D6 (decimal 214)
   defining Unicode char U+00D8 (decimal 216)
   defining Unicode char U+00D9 (decimal 217)
   defining Unicode char U+00DA (decimal 218)
   defining Unicode char U+00DB (decimal 219)
   defining Unicode char U+00DC (decimal 220)
   defining Unicode char U+00DD (decimal 221)
   defining Unicode char U+00DE (decimal 222)
   defining Unicode char U+00DF (decimal 223)
   defining Unicode char U+00E0 (decimal 224)
   defining Unicode char U+00E1 (decimal 225)
   defining Unicode char U+00E2 (decimal 226)
   defining Unicode char U+00E3 (decimal 227)
   defining Unicode char U+00E4 (decimal 228)
   defining Unicode char U+00E5 (decimal 229)
   defining Unicode char U+00E6 (decimal 230)
   defining Unicode char U+00E7 (decimal 231)
   defining Unicode char U+00E8 (decimal 232)
   defining Unicode char U+00E9 (decimal 233)
   defining Unicode char U+00EA (decimal 234)
   defining Unicode char U+00EB (decimal 235)
   defining Unicode char U+00EC (decimal 236)
   defining Unicode char U+00ED (decimal 237)
   defining Unicode char U+00EE (decimal 238)
   defining Unicode char U+00EF (decimal 239)
   defining Unicode char U+00F0 (decimal 240)
   defining Unicode char U+00F1 (decimal 241)
   defining Unicode char U+00F2 (decimal 242)
   defining Unicode char U+00F3 (decimal 243)
   defining Unicode char U+00F4 (decimal 244)
   defining Unicode char U+00F5 (decimal 245)
   defining Unicode char U+00F6 (decimal 246)
   defining Unicode char U+00F8 (decimal 248)
   defining Unicode char U+00F9 (decimal 249)
   defining Unicode char U+00FA (decimal 250)
   defining Unicode char U+00FB (decimal 251)
   defining Unicode char U+00FC (decimal 252)
   defining Unicode char U+00FD (decimal 253)
   defining Unicode char U+00FE (decimal 254)
   defining Unicode char U+00FF (decimal 255)
   defining Unicode char U+0100 (decimal 256)
   defining Unicode char U+0101 (decimal 257)
   defining Unicode char U+0102 (decimal 258)
   defining Unicode char U+0103 (decimal 259)
   defining Unicode char U+0104 (decimal 260)
   defining Unicode char U+0105 (decimal 261)
   defining Unicode char U+0106 (decimal 262)
   defining Unicode char U+0107 (decimal 263)
   defining Unicode char U+0108 (decimal 264)
   defining Unicode char U+0109 (decimal 265)
   defining Unicode char U+010A (decimal 266)
   defining Unicode char U+010B (decimal 267)
   defining Unicode char U+010C (decimal 268)
   defining Unicode char U+010D (decimal 269)
   defining Unicode char U+010E (decimal 270)
   defining Unicode char U+010F (decimal 271)
   defining Unicode char U+0110 (decimal 272)
   defining Unicode char U+0111 (decimal 273)
   defining Unicode char U+0112 (decimal 274)
   defining Unicode char U+0113 (decimal 275)
   defining Unicode char U+0114 (decimal 276)
   defining Unicode char U+0115 (decimal 277)
   defining Unicode char U+0116 (decimal 278)
   defining Unicode char U+0117 (decimal 279)
   defining Unicode char U+0118 (decimal 280)
   defining Unicode char U+0119 (decimal 281)
   defining Unicode char U+011A (decimal 282)
   defining Unicode char U+011B (decimal 283)
   defining Unicode char U+011C (decimal 284)
   defining Unicode char U+011D (decimal 285)
   defining Unicode char U+011E (decimal 286)
   defining Unicode char U+011F (decimal 287)
   defining Unicode char U+0120 (decimal 288)
   defining Unicode char U+0121 (decimal 289)
   defining Unicode char U+0122 (decimal 290)
   defining Unicode char U+0123 (decimal 291)
   defining Unicode char U+0124 (decimal 292)
   defining Unicode char U+0125 (decimal 293)
   defining Unicode char U+0128 (decimal 296)
   defining Unicode char U+0129 (decimal 297)
   defining Unicode char U+012A (decimal 298)
   defining Unicode char U+012B (decimal 299)
   defining Unicode char U+012C (decimal 300)
   defining Unicode char U+012D (decimal 301)
   defining Unicode char U+012E (decimal 302)
   defining Unicode char U+012F (decimal 303)
   defining Unicode char U+0130 (decimal 304)
   defining Unicode char U+0131 (decimal 305)
   defining Unicode char U+0132 (decimal 306)
   defining Unicode char U+0133 (decimal 307)
   defining Unicode char U+0134 (decimal 308)
   defining Unicode char U+0135 (decimal 309)
   defining Unicode char U+0136 (decimal 310)
   defining Unicode char U+0137 (decimal 311)
   defining Unicode char U+0139 (decimal 313)
   defining Unicode char U+013A (decimal 314)
   defining Unicode char U+013B (decimal 315)
   defining Unicode char U+013C (decimal 316)
   defining Unicode char U+013D (decimal 317)
   defining Unicode char U+013E (decimal 318)
   defining Unicode char U+0141 (decimal 321)
   defining Unicode char U+0142 (decimal 322)
   defining Unicode char U+0143 (decimal 323)
   defining Unicode char U+0144 (decimal 324)
   defining Unicode char U+0145 (decimal 325)
   defining Unicode char U+0146 (decimal 326)
   defining Unicode char U+0147 (decimal 327)
   defining Unicode char U+0148 (decimal 328)
   defining Unicode char U+014A (decimal 330)
   defining Unicode char U+014B (decimal 331)
   defining Unicode char U+014C (decimal 332)
   defining Unicode char U+014D (decimal 333)
   defining Unicode char U+014E (decimal 334)
   defining Unicode char U+014F (decimal 335)
   defining Unicode char U+0150 (decimal 336)
   defining Unicode char U+0151 (decimal 337)
   defining Unicode char U+0152 (decimal 338)
   defining Unicode char U+0153 (decimal 339)
   defining Unicode char U+0154 (decimal 340)
   defining Unicode char U+0155 (decimal 341)
   defining Unicode char U+0156 (decimal 342)
   defining Unicode char U+0157 (decimal 343)
   defining Unicode char U+0158 (decimal 344)
   defining Unicode char U+0159 (decimal 345)
   defining Unicode char U+015A (decimal 346)
   defining Unicode char U+015B (decimal 347)
   defining Unicode char U+015C (decimal 348)
   defining Unicode char U+015D (decimal 349)
   defining Unicode char U+015E (decimal 350)
   defining Unicode char U+015F (decimal 351)
   defining Unicode char U+0160 (decimal 352)
   defining Unicode char U+0161 (decimal 353)
   defining Unicode char U+0162 (decimal 354)
   defining Unicode char U+0163 (decimal 355)
   defining Unicode char U+0164 (decimal 356)
   defining Unicode char U+0165 (decimal 357)
   defining Unicode char U+0168 (decimal 360)
   defining Unicode char U+0169 (decimal 361)
   defining Unicode char U+016A (decimal 362)
   defining Unicode char U+016B (decimal 363)
   defining Unicode char U+016C (decimal 364)
   defining Unicode char U+016D (decimal 365)
   defining Unicode char U+016E (decimal 366)
   defining Unicode char U+016F (decimal 367)
   defining Unicode char U+0170 (decimal 368)
   defining Unicode char U+0171 (decimal 369)
   defining Unicode char U+0172 (decimal 370)
   defining Unicode char U+0173 (decimal 371)
   defining Unicode char U+0174 (decimal 372)
   defining Unicode char U+0175 (decimal 373)
   defining Unicode char U+0176 (decimal 374)
   defining Unicode char U+0177 (decimal 375)
   defining Unicode char U+0178 (decimal 376)
   defining Unicode char U+0179 (decimal 377)
   defining Unicode char U+017A (decimal 378)
   defining Unicode char U+017B (decimal 379)
   defining Unicode char U+017C (decimal 380)
   defining Unicode char U+017D (decimal 381)
   defining Unicode char U+017E (decimal 382)
   defining Unicode char U+01CD (decimal 461)
   defining Unicode char U+01CE (decimal 462)
   defining Unicode char U+01CF (decimal 463)
   defining Unicode char U+01D0 (decimal 464)
   defining Unicode char U+01D1 (decimal 465)
   defining Unicode char U+01D2 (decimal 466)
   defining Unicode char U+01D3 (decimal 467)
   defining Unicode char U+01D4 (decimal 468)
   defining Unicode char U+01E2 (decimal 482)
   defining Unicode char U+01E3 (decimal 483)
   defining Unicode char U+01E6 (decimal 486)
   defining Unicode char U+01E7 (decimal 487)
   defining Unicode char U+01E8 (decimal 488)
   defining Unicode char U+01E9 (decimal 489)
   defining Unicode char U+01EA (decimal 490)
   defining Unicode char U+01EB (decimal 491)
   defining Unicode char U+01F0 (decimal 496)
   defining Unicode char U+01F4 (decimal 500)
   defining Unicode char U+01F5 (decimal 501)
   defining Unicode char U+0218 (decimal 536)
   defining Unicode char U+0219 (decimal 537)
   defining Unicode char U+021A (decimal 538)
   defining Unicode char U+021B (decimal 539)
   defining Unicode char U+1E02 (decimal 7682)
   defining Unicode char U+1E03 (decimal 7683)
   defining Unicode char U+200C (decimal 8204)
   defining Unicode char U+2010 (decimal 8208)
   defining Unicode char U+2011 (decimal 8209)
   defining Unicode char U+2012 (decimal 8210)
   defining Unicode char U+2013 (decimal 8211)
   defining Unicode char U+2014 (decimal 8212)
   defining Unicode char U+2015 (decimal 8213)
   defining Unicode char U+2018 (decimal 8216)
   defining Unicode char U+2019 (decimal 8217)
   defining Unicode char U+201A (decimal 8218)
   defining Unicode char U+201C (decimal 8220)
   defining Unicode char U+201D (decimal 8221)
   defining Unicode char U+201E (decimal 8222)
   defining Unicode char U+2030 (decimal 8240)
   defining Unicode char U+2031 (decimal 8241)
   defining Unicode char U+2039 (decimal 8249)
   defining Unicode char U+203A (decimal 8250)
   defining Unicode char U+2423 (decimal 9251)
)
Now handling font encoding OT1 ...
... processing UTF-8 mapping file for font encoding OT1

(/usr/local/texlive/2016/texmf-dist/tex/latex/base/ot1enc.dfu
File: ot1enc.dfu 2016/02/28 v1.1s UTF-8 support for inputenc
   defining Unicode char U+00A0 (decimal 160)
   defining Unicode char U+00A1 (decimal 161)
   defining Unicode char U+00A3 (decimal 163)
   defining Unicode char U+00AD (decimal 173)
   defining Unicode char U+00B8 (decimal 184)
   defining Unicode char U+00BF (decimal 191)
   defining Unicode char U+00C5 (decimal 197)
   defining Unicode char U+00C6 (decimal 198)
   defining Unicode char U+00D8 (decimal 216)
   defining Unicode char U+00DF (decimal 223)
   defining Unicode char U+00E6 (decimal 230)
   defining Unicode char U+00EC (decimal 236)
   defining Unicode char U+00ED (decimal 237)
   defining Unicode char U+00EE (decimal 238)
   defining Unicode char U+00EF (decimal 239)
   defining Unicode char U+00F8 (decimal 248)
   defining Unicode char U+0131 (decimal 305)
   defining Unicode char U+0141 (decimal 321)
   defining Unicode char U+0142 (decimal 322)
   defining Unicode char U+0152 (decimal 338)
   defining Unicode char U+0153 (decimal 339)
   defining Unicode char U+0174 (decimal 372)
   defining Unicode char U+0175 (decimal 373)
   defining Unicode char U+0176 (decimal 374)
   defining Unicode char U+0177 (decimal 375)
   defining Unicode char U+0218 (decimal 536)
   defining Unicode char U+0219 (decimal 537)
   defining Unicode char U+021A (decimal 538)
   defining Unicode char U+021B (decimal 539)
   defining Unicode char U+2013 (decimal 8211)
   defining Unicode char U+2014 (decimal 8212)
   defining Unicode char U+2018 (decimal 8216)
   defining Unicode char U+2019 (decimal 8217)
   defining Unicode char U+201C (decimal 8220)
   defining Unicode char U+201D (decimal 8221)
)
Now handling font encoding OMS ...
... processing UTF-8 mapping file for font encoding OMS

(/usr/local/texlive/2016/texmf-dist/tex/latex/base/omsenc.dfu
File: omsenc.dfu 2016/02/28 v1.1s UTF-8 support for inputenc
   defining Unicode char U+00A7 (decimal 167)
   defining Unicode char U+00B6 (decimal 182)
   defining Unicode char U+00B7 (decimal 183)
   defining Unicode char U+2020 (decimal 8224)
   defining Unicode char U+2021 (decimal 8225)
   defining Unicode char U+2022 (decimal 8226)
)
Now handling font encoding OMX ...
... no UTF-8 mapping file for font encoding OMX
Now handling font encoding U ...
... no UTF-8 mapping file for font encoding U
Now handling font encoding PD1 ...
... no UTF-8 mapping file for font encoding PD1
   defining Unicode char U+00A9 (decimal 169)
   defining Unicode char U+00AA (decimal 170)
   defining Unicode char U+00AE (decimal 174)
   defining Unicode char U+00BA (decimal 186)
   defining Unicode char U+02C6 (decimal 710)
   defining Unicode char U+02DC (decimal 732)
   defining Unicode char U+200C (decimal 8204)
   defining Unicode char U+2026 (decimal 8230)
   defining Unicode char U+2122 (decimal 8482)
   defining Unicode char U+2423 (decimal 9251)
))
(/usr/local/texlive/2016/texmf-dist/tex/latex/xcolor/xcolor.sty
Package: xcolor 2016/05/11 v2.12 LaTeX color extensions (UK)

(/usr/local/texlive/2016/texmf-dist/tex/latex/graphics-cfg/color.cfg
File: color.cfg 2016/01/02 v1.6 sample color configuration
)
Package xcolor Info: Driver file: pdftex.def on input line 225.
Package xcolor Info: Model `cmy' substituted by `cmy0' on input line 1348.
Package xcolor Info: Model `hsb' substituted by `rgb' on input line 1352.
Package xcolor Info: Model `RGB' extended on input line 1364.
Package xcolor Info: Model `HTML' substituted by `rgb' on input line 1366.
Package xcolor Info: Model `Hsb' substituted by `hsb' on input line 1367.
Package xcolor Info: Model `tHsb' substituted by `hsb' on input line 1368.
Package xcolor Info: Model `HSB' substituted by `hsb' on input line 1369.
Package xcolor Info: Model `Gray' substituted by `gray' on input line 1370.
Package xcolor Info: Model `wave' substituted by `hsb' on input line 1371.
)
(/usr/local/texlive/2016/texmf-dist/tex/latex/listings/listings.sty
\lst@mode=\count120
\lst@gtempboxa=\box32
\lst@token=\toks32
\lst@length=\count121
\lst@currlwidth=\dimen137
\lst@column=\count122
\lst@pos=\count123
\lst@lostspace=\dimen138
\lst@width=\dimen139
\lst@newlines=\count124
\lst@lineno=\count125
\lst@maxwidth=\dimen140

(/usr/local/texlive/2016/texmf-dist/tex/latex/listings/lstmisc.sty
File: lstmisc.sty 2015/06/04 1.6 (Carsten Heinz)
\c@lstnumber=\count126
\lst@skipnumbers=\count127
\lst@framebox=\box33
)
(/usr/local/texlive/2016/texmf-dist/tex/latex/listings/listings.cfg
File: listings.cfg 2015/06/04 1.6 listings configuration
))
Package: listings 2015/06/04 1.6 (Carsten Heinz)

(/usr/local/texlive/2016/texmf-dist/tex/latex/easylist/easylist.sty
Package: easylist 2014/01/11 v.1.4 Numbered items with a single command.
\el@CounterTotal=\count128
\el@Scratch=\count129
\el@ControlCounter=\count130
\el@CounterLevel=\count131
\c@List1=\count132
\c@List2=\count133
\c@List3=\count134
\c@List4=\count135
\c@List5=\count136
\c@List6=\count137
\c@List7=\count138
\c@List8=\count139
\c@List9=\count140
\c@List10=\count141
\el@ProgressiveDimension=\dimen141
\el@CounterBox=\box34
\el@ControlBox=\box35
\el@TotalMargin=\dimen142
\el@LeftMove=\dimen143
)
(/usr/local/texlive/2016/texmf-dist/tex/latex/minted/minted.sty
Package: minted 2015/09/09 v2.1 Yet another Pygments shim for LaTeX

(/usr/local/texlive/2016/texmf-dist/tex/latex/fancyvrb/fancyvrb.sty
Package: fancyvrb 2008/02/07

Style option: `fancyvrb' v2.7a, with DG/SPQR fixes, and firstline=lastline fix 
<2008/02/07> (tvz)
\FV@CodeLineNo=\count142
\FV@InFile=\read1
\FV@TabBox=\box36
\c@FancyVerbLine=\count143
\FV@StepNumber=\count144
\FV@OutFile=\write3
)
(/usr/local/texlive/2016/texmf-dist/tex/latex/base/ifthen.sty
Package: ifthen 2014/09/29 v1.1c Standard LaTeX ifthen package (DPC)
)
(/usr/local/texlive/2016/texmf-dist/tex/latex/tools/calc.sty
Package: calc 2014/10/28 v4.3 Infix arithmetic (KKT,FJ)
\calc@Acount=\count145
\calc@Bcount=\count146
\calc@Adimen=\dimen144
\calc@Bdimen=\dimen145
\calc@Askip=\skip50
\calc@Bskip=\skip51
LaTeX Info: Redefining \setlength on input line 80.
LaTeX Info: Redefining \addtolength on input line 81.
\calc@Ccount=\count147
\calc@Cskip=\skip52
)
(/usr/local/texlive/2016/texmf-dist/tex/latex/ifplatform/ifplatform.sty
Package: ifplatform 2010/10/22 v0.4 Testing for the operating system

(/usr/local/texlive/2016/texmf-dist/tex/generic/oberdiek/catchfile.sty
Package: catchfile 2016/05/16 v1.7 Catch the contents of a file (HO)
)
runsystem(uname -s > "Manual.w18")...executed.


(./Manual.w18)
runsystem(rm -- "Manual.w18")...executed.

)
(/usr/local/texlive/2016/texmf-dist/tex/latex/etoolbox/etoolbox.sty
Package: etoolbox 2015/08/02 v2.2a e-TeX tools for LaTeX (JAW)
\etb@tempcnta=\count148
)
(/usr/local/texlive/2016/texmf-dist/tex/generic/xstring/xstring.sty
(/usr/local/texlive/2016/texmf-dist/tex/generic/xstring/xstring.tex
\@xs@message=\write4
\integerpart=\count149
\decimalpart=\count150
)
Package: xstring 2013/10/13  v1.7c  String manipulations (C Tellechea)
)
(/usr/local/texlive/2016/texmf-dist/tex/latex/lineno/lineno.sty
Package: lineno 2005/11/02 line numbers on paragraphs v4.41
\linenopenalty=\count151
\output=\toks33
\linenoprevgraf=\count152
\linenumbersep=\dimen146
\linenumberwidth=\dimen147
\c@linenumber=\count153
\c@pagewiselinenumber=\count154
\c@LN@truepage=\count155
\c@internallinenumber=\count156
\c@internallinenumbers=\count157
\quotelinenumbersep=\dimen148
\bframerule=\dimen149
\bframesep=\dimen150
\bframebox=\box37
LaTeX Info: Redefining \\ on input line 3056.
)
\minted@appexistsfile=\read2
\FV@BreakIndent=\dimen151
\FV@BreakSymbolSepLeft=\dimen152
\FV@BreakSymbolSepRight=\dimen153
\FV@BreakSymbolIndentLeft=\dimen154
\FV@BreakSymbolIndentRight=\dimen155
\c@FancyVerbLineBreakLast=\count158
\FV@LineBox=\box38
\FV@LineIndentBox=\box39
\minted@bgbox=\box40
\minted@code=\write5
\c@minted@FancyVerbLineTemp=\count159
\@float@every@listing=\toks34
\c@listing=\count160
)
runsystem(mkdir -p "_minted-Manual")...executed.


(./_minted-Manual/default.pygstyle)
(/usr/local/texlive/2016/texmf-dist/tex/latex/tools/tabularx.sty
Package: tabularx 2016/02/03 v2.11 `tabularx' package (DPC)

(/usr/local/texlive/2016/texmf-dist/tex/latex/tools/array.sty
Package: array 2014/10/28 v2.4c Tabular extension package (FMi)
\col@sep=\dimen156
\extrarowheight=\dimen157
\NC@list=\toks35
\extratabsurround=\skip53
\backup@length=\skip54
)
\TX@col@width=\dimen158
\TX@old@table=\dimen159
\TX@old@col=\dimen160
\TX@target=\dimen161
\TX@delta=\dimen162
\TX@cols=\count161
\TX@ftn=\toks36
)
   defining Unicode char U+FFFD (decimal 65533)
runsystem(which "pygmentize" && touch "Manual.aex")...executed.

runsystem(rm "Manual.aex")...executed.

 (./Manual.aux)
\openout1 = `Manual.aux'.

LaTeX Font Info:    Checking defaults for OML/cmm/m/it on input line 51.
LaTeX Font Info:    ... okay on input line 51.
LaTeX Font Info:    Checking defaults for T1/cmr/m/n on input line 51.
LaTeX Font Info:    ... okay on input line 51.
LaTeX Font Info:    Checking defaults for OT1/cmr/m/n on input line 51.
LaTeX Font Info:    ... okay on input line 51.
LaTeX Font Info:    Checking defaults for OMS/cmsy/m/n on input line 51.
LaTeX Font Info:    ... okay on input line 51.
LaTeX Font Info:    Checking defaults for OMX/cmex/m/n on input line 51.
LaTeX Font Info:    ... okay on input line 51.
LaTeX Font Info:    Checking defaults for U/cmr/m/n on input line 51.
LaTeX Font Info:    ... okay on input line 51.
LaTeX Font Info:    Checking defaults for PD1/pdf/m/n on input line 51.
LaTeX Font Info:    ... okay on input line 51.

*geometry* driver: auto-detecting
*geometry* detected driver: pdftex
*geometry* verbose mode - [ preamble ] result:
* driver: pdftex
* paper: letterpaper
* layout: <same size as paper>
* layoutoffset:(h,v)=(0.0pt,0.0pt)
* modes: 
* h-part:(L,W,R)=(72.26999pt, 469.75502pt, 72.26999pt)
* v-part:(T,H,B)=(72.26999pt, 650.43001pt, 72.26999pt)
* \paperwidth=614.295pt
* \paperheight=794.96999pt
* \textwidth=469.75502pt
* \textheight=650.43001pt
* \oddsidemargin=0.0pt
* \evensidemargin=0.0pt
* \topmargin=-37.0pt
* \headheight=12.0pt
* \headsep=25.0pt
* \topskip=10.0pt
* \footskip=30.0pt
* \marginparwidth=57.0pt
* \marginparsep=11.0pt
* \columnsep=10.0pt
* \skip\footins=9.0pt plus 4.0pt minus 2.0pt
* \hoffset=0.0pt
* \voffset=0.0pt
* \mag=1000
* \@twocolumnfalse
* \@twosidefalse
* \@mparswitchfalse
* \@reversemarginfalse
* (1in=72.27pt=25.4mm, 1cm=28.453pt)

ABD: EveryShipout initializing macros
(/usr/local/texlive/2016/texmf-dist/tex/context/base/mkii/supp-pdf.mkii
[Loading MPS to PDF converter (version 2006.09.02).]
\scratchcounter=\count162
\scratchdimen=\dimen163
\scratchbox=\box41
\nofMPsegments=\count163
\nofMParguments=\count164
\everyMPshowfont=\toks37
\MPscratchCnt=\count165
\MPscratchDim=\dimen164
\MPnumerator=\count166
\makeMPintoPDFobject=\count167
\everyMPtoPDFconversion=\toks38
) (/usr/local/texlive/2016/texmf-dist/tex/latex/oberdiek/epstopdf-base.sty
Package: epstopdf-base 2016/05/15 v2.6 Base part for package epstopdf

(/usr/local/texlive/2016/texmf-dist/tex/latex/oberdiek/grfext.sty
Package: grfext 2016/05/16 v1.2 Manage graphics extensions (HO)
)
Package grfext Info: Graphics extension search list:
(grfext)             [.png,.pdf,.jpg,.mps,.jpeg,.jbig2,.jb2,.PNG,.PDF,.JPG,.JPE
G,.JBIG2,.JB2,.eps]
(grfext)             \AppendGraphicsExtensions on input line 456.

(/usr/local/texlive/2016/texmf-dist/tex/latex/latexconfig/epstopdf-sys.cfg
File: epstopdf-sys.cfg 2010/07/13 v1.3 Configuration of (r)epstopdf for TeX Liv
e
))
\AtBeginShipoutBox=\box42
Package hyperref Info: Link coloring OFF on input line 51.

(/usr/local/texlive/2016/texmf-dist/tex/latex/hyperref/nameref.sty
Package: nameref 2012/10/27 v2.43 Cross-referencing by name of section

(/usr/local/texlive/2016/texmf-dist/tex/generic/oberdiek/gettitlestring.sty
Package: gettitlestring 2016/05/16 v1.5 Cleanup title references (HO)
)
\c@section@level=\count168
)
LaTeX Info: Redefining \ref on input line 51.
LaTeX Info: Redefining \pageref on input line 51.
LaTeX Info: Redefining \nameref on input line 51.

(./Manual.out) (./Manual.out)
\@outlinefile=\write6
\openout6 = `Manual.out'.

\c@lstlisting=\count169
 (./_minted-Manual/default-pyg-prefix.pygstyle)
<images/logo.png, id=213, 328.1058pt x 290.0436pt>
File: images/logo.png Graphic file (type png)
 <use images/logo.png>
Package pdftex.def Info: images/logo.png used on input line 56.
(pdftex.def)             Requested size: 328.115pt x 289.09134pt.
LaTeX Font Info:    Try loading font information for OMS+cmr on input line 56.

(/usr/local/texlive/2016/texmf-dist/tex/latex/base/omscmr.fd
File: omscmr.fd 2014/09/29 v2.5h Standard LaTeX font definitions
)
LaTeX Font Info:    Font shape `OMS/cmr/m/n' in size <12> not available
(Font)              Font shape `OMS/cmsy/m/n' tried instead on input line 56.
 [1

{/usr/local/texlive/2016/texmf-var/fonts/map/pdftex/updmap/pdftex.map} <./image
s/logo.png>]
(./Manual.toc [2])
\tf@toc=\write7
\openout7 = `Manual.toc'.

 [3]
Underfull \hbox (badness 10000) in paragraph at lines 64--67

 []


Underfull \hbox (badness 10000) in paragraph at lines 64--67

 []


Underfull \hbox (badness 10000) in paragraph at lines 64--67

 []


Underfull \hbox (badness 10000) in paragraph at lines 64--67

 []


Underfull \hbox (badness 10000) in paragraph at lines 69--71

 []


Underfull \hbox (badness 10000) in paragraph at lines 69--71

 []


Underfull \hbox (badness 10000) in paragraph at lines 69--71

 []

LaTeX Font Info:    Font shape `OMS/cmr/m/n' in size <10> not available
(Font)              Font shape `OMS/cmsy/m/n' tried instead on input line 74.

Underfull \hbox (badness 10000) in paragraph at lines 78--79

 []


Underfull \hbox (badness 10000) in paragraph at lines 78--79

 []


Underfull \hbox (badness 10000) in paragraph at lines 88--89

 []


Underfull \hbox (badness 10000) in paragraph at lines 88--89

 []

[4]
Underfull \hbox (badness 10000) in paragraph at lines 97--98

 []


Underfull \hbox (badness 10000) in paragraph at lines 97--98

 []


Underfull \hbox (badness 10000) in paragraph at lines 107--113

 []


Underfull \hbox (badness 10000) in paragraph at lines 107--113

 []


Underfull \hbox (badness 10000) in paragraph at lines 107--113

 []


Underfull \hbox (badness 10000) in paragraph at lines 107--113

 []


Underfull \hbox (badness 10000) in paragraph at lines 113--118

 []


Underfull \hbox (badness 10000) in paragraph at lines 113--118

 []


Underfull \hbox (badness 10000) in paragraph at lines 113--118

 []

<images/vshelp.png, id=295, 372.9132pt x 234.6366pt>
File: images/vshelp.png Graphic file (type png)
 <use images/vshelp.png>
Package pdftex.def Info: images/vshelp.png used on input line 128.
(pdftex.def)             Requested size: 223.74963pt x 140.78304pt.

<images/vsabout.png, id=296, 373.395pt x 233.673pt>
File: images/vsabout.png Graphic file (type png)
 <use images/vsabout.png>
Package pdftex.def Info: images/vsabout.png used on input line 132.
(pdftex.def)             Requested size: 224.03873pt x 140.20488pt.

[5]
Underfull \hbox (badness 10000) in paragraph at lines 138--143

 []


Underfull \hbox (badness 10000) in paragraph at lines 138--143

 []


Underfull \hbox (badness 10000) in paragraph at lines 138--143

 []


Underfull \hbox (badness 10000) in paragraph at lines 138--143

 []


Underfull \hbox (badness 10000) in paragraph at lines 138--143

 []


Underfull \hbox (badness 10000) in paragraph at lines 145--148

 []


Underfull \hbox (badness 10000) in paragraph at lines 145--148

 []


Underfull \hbox (badness 10000) in paragraph at lines 145--148

 []


Underfull \hbox (badness 10000) in paragraph at lines 149--156

 []


Underfull \hbox (badness 10000) in paragraph at lines 149--156

 []


Underfull \hbox (badness 10000) in paragraph at lines 149--156

 []


Underfull \hbox (badness 10000) in paragraph at lines 149--156

 []


Underfull \hbox (badness 10000) in paragraph at lines 149--156

 []


Underfull \hbox (badness 10000) in paragraph at lines 149--156

 []


Underfull \hbox (badness 10000) in paragraph at lines 149--156

 []

[6 <./images/vshelp.png> <./images/vsabout.png>]
Underfull \hbox (badness 10000) in paragraph at lines 163--165

 []


Underfull \hbox (badness 10000) in paragraph at lines 163--165

 []


Underfull \hbox (badness 10000) in paragraph at lines 163--165

 []


Underfull \hbox (badness 10000) in paragraph at lines 166--167

 []


Underfull \hbox (badness 10000) in paragraph at lines 168--169

 []


Underfull \hbox (badness 10000) in paragraph at lines 168--169

 []

<images/vmd.png, id=312, 214.401pt x 204.765pt>
File: images/vmd.png Graphic file (type png)
 <use images/vmd.png>
Package pdftex.def Info: images/vmd.png used on input line 179.
(pdftex.def)             Requested size: 128.64159pt x 122.85992pt.

Underfull \hbox (badness 10000) in paragraph at lines 172--181

 []


Underfull \hbox (badness 10000) in paragraph at lines 172--181

 []

[7] <images/psfgen.png, id=318, 350.7504pt x 198.9834pt>
File: images/psfgen.png Graphic file (type png)

<use images/psfgen.png>
Package pdftex.def Info: images/psfgen.png used on input line 185.
(pdftex.def)             Requested size: 210.45186pt x 119.39095pt.

Underfull \hbox (badness 10000) in paragraph at lines 188--195

 []


Underfull \hbox (badness 10000) in paragraph at lines 188--195

 []


Underfull \hbox (badness 10000) in paragraph at lines 188--195

 []


Underfull \hbox (badness 10000) in paragraph at lines 188--195

 []


Underfull \hbox (badness 10000) in paragraph at lines 188--195

 []


Underfull \hbox (badness 10000) in paragraph at lines 202--204

 []

[8pdfTeX warning (ext4): destination with the same identifier (name{figure.1}) 
has been already used, duplicate ignored

\@EveryShipout@Output ...@Org@Shipout \box \@cclv 
                                                  
l.204 
      pdfTeX warning (ext4): destination with the same identifier (name{figure.
2}) has been already used, duplicate ignored

\@EveryShipout@Output ...@Org@Shipout \box \@cclv 
                                                  
l.204 
       <./images/vmd.png> <./images/psfgen.png>]
<images/github.png, id=332, 469.755pt x 343.5234pt>
File: images/github.png Graphic file (type png)
 <use images/github.png>
Package pdftex.def Info: images/github.png used on input line 207.
(pdftex.def)             Requested size: 281.85518pt x 206.11562pt.

<images/clone.png, id=333, 414.8298pt x 244.2726pt>
File: images/clone.png Graphic file (type png)
 <use images/clone.png>
Package pdftex.def Info: images/clone.png used on input line 214.
(pdftex.def)             Requested size: 331.86429pt x 195.41833pt.

Underfull \hbox (badness 10000) in paragraph at lines 218--221

 []


Underfull \hbox (badness 10000) in paragraph at lines 218--221

 []

<images/website.jpg, id=335, 1965.3425pt x 1266.7325pt>
File: images/website.jpg Graphic file (type jpg)

<use images/website.jpg>
Package pdftex.def Info: images/website.jpg used on input line 224.
(pdftex.def)             Requested size: 294.78865pt x 190.00168pt.
 [9 <./images/github.png> <./images/clone.png>]
Underfull \hbox (badness 10000) in paragraph at lines 227--230

 []


Underfull \hbox (badness 10000) in paragraph at lines 227--230

 []


Underfull \hbox (badness 10000) in paragraph at lines 227--230

 []


Underfull \hbox (badness 10000) in paragraph at lines 237--241

 []


Underfull \hbox (badness 10000) in paragraph at lines 237--241

 []


Underfull \hbox (badness 10000) in paragraph at lines 237--241

 []

[10 <./images/website.jpg>]
Underfull \hbox (badness 10000) in paragraph at lines 264--269

 []


Underfull \hbox (badness 10000) in paragraph at lines 264--269

 []


Underfull \hbox (badness 10000) in paragraph at lines 264--269

 []


Underfull \hbox (badness 10000) in paragraph at lines 264--269

 []


Underfull \hbox (badness 10000) in paragraph at lines 271--273

 []


Underfull \hbox (badness 10000) in paragraph at lines 271--273

 []

[11] [12]
Underfull \hbox (badness 10000) in paragraph at lines 302--303

 []


Underfull \hbox (badness 10000) in paragraph at lines 302--303

 []


Underfull \hbox (badness 10000) in paragraph at lines 309--313

 []


Underfull \hbox (badness 10000) in paragraph at lines 309--313

 []


Overfull \hbox (4.0478pt too wide) in paragraph at lines 317--318
\OT1/cmr/m/n/10 in-cluded in other records ([]$\OT1/cmtt/m/n/10 http : / / www 
. wwpdb . org / documentation / file-[]format-[]content / format33 /
 []


LaTeX Warning: Command \r invalid in math mode on input line 318.


LaTeX Warning: Command \r invalid in math mode on input line 320.


Overfull \hbox (16.96571pt too wide) in paragraph at lines 322--323
[]\OT1/cmtt/m/n/10 CRYST1\OT1/cmr/m/n/10 : This header records the unit cell di
-men-sion pa-ram-e-ters ([]$\OT1/cmtt/m/n/10 http : / / www . wwpdb . org / doc
umentation /
 []


LaTeX Warning: Command \r invalid in math mode on input line 323.

[13]

LaTeX Warning: Command \r invalid in math mode on input line 332.


LaTeX Warning: Command \r invalid in math mode on input line 333.


LaTeX Warning: Command \r invalid in math mode on input line 334.


Underfull \hbox (badness 10000) in paragraph at lines 343--344

 []


Overfull \hbox (0.40897pt too wide) in paragraph at lines 355--356
[][][][][][][] 
 []


Underfull \hbox (badness 10000) in paragraph at lines 355--356

 []


Underfull \hbox (badness 10000) in paragraph at lines 355--356

 []


Underfull \hbox (badness 10000) in paragraph at lines 357--359

 []


Underfull \hbox (badness 10000) in paragraph at lines 357--359

 []


Underfull \hbox (badness 10000) in paragraph at lines 371--372

 []


Underfull \hbox (badness 10000) in paragraph at lines 373--384

 []

[14]
Underfull \hbox (badness 10000) in paragraph at lines 390--392

 []


Underfull \hbox (badness 10000) in paragraph at lines 390--392

 []


Underfull \hbox (badness 10000) in paragraph at lines 392--404

 []


Underfull \hbox (badness 10000) in paragraph at lines 392--404

 []


Underfull \hbox (badness 10000) in paragraph at lines 392--404

 []


Underfull \hbox (badness 10000) in paragraph at lines 405--407

 []


Underfull \hbox (badness 10000) in paragraph at lines 405--407

 []


Underfull \hbox (badness 10000) in paragraph at lines 405--407

 []


Underfull \hbox (badness 10000) in paragraph at lines 414--415

 []


Underfull \hbox (badness 10000) in paragraph at lines 414--415

 []

[15]
Underfull \hbox (badness 10000) in paragraph at lines 416--417

 []

LaTeX Font Info:    Try loading font information for OMS+cmtt on input line 429
.
LaTeX Font Info:    No file OMScmtt.fd. on input line 429.

LaTeX Font Warning: Font shape `OMS/cmtt/m/n' undefined
(Font)              using `OMS/cmsy/m/n' instead
(Font)              for symbol `textbraceleft' on input line 429.


Underfull \hbox (badness 10000) in paragraph at lines 419--430

 []


Underfull \hbox (badness 10000) in paragraph at lines 419--430

 []


Underfull \hbox (badness 10000) in paragraph at lines 439--455

 []


Underfull \hbox (badness 10000) in paragraph at lines 439--455

 []


Underfull \hbox (badness 10000) in paragraph at lines 439--455

 []


Underfull \hbox (badness 10000) in paragraph at lines 456--465

 []


Underfull \hbox (badness 10000) in paragraph at lines 456--465

 []

[16]
Underfull \hbox (badness 10000) in paragraph at lines 466--468

 []


Underfull \hbox (badness 10000) in paragraph at lines 475--476

 []


Underfull \hbox (badness 10000) in paragraph at lines 479--487

 []


Underfull \hbox (badness 10000) in paragraph at lines 479--487

 []


Underfull \hbox (badness 10000) in paragraph at lines 488--489

 []


Underfull \hbox (badness 10000) in paragraph at lines 501--517

 []


Underfull \hbox (badness 10000) in paragraph at lines 501--517

 []


Underfull \hbox (badness 10000) in paragraph at lines 501--517

 []


Underfull \hbox (badness 10000) in paragraph at lines 501--517

 []

[17]
Underfull \hbox (badness 10000) in paragraph at lines 521--523

 []


Underfull \hbox (badness 10000) in paragraph at lines 530--552

 []


Underfull \hbox (badness 10000) in paragraph at lines 530--552

 []


Underfull \hbox (badness 10000) in paragraph at lines 530--552

 []


Underfull \hbox (badness 10000) in paragraph at lines 530--552

 []


Underfull \hbox (badness 10000) in paragraph at lines 530--552

 []


Overfull \hbox (44.4639pt too wide) in paragraph at lines 553--554
[]\OT1/cmr/m/n/10 Topology Tu-to-rial: []$\OT1/cmtt/m/n/10 http : / / www . ks 
. uiuc . edu / Training / Tutorials / science / topology / topology-[]tutorial 
.
 []

[18]
Overfull \hbox (3.82642pt too wide) in paragraph at lines 555--556
[]\OT1/cmr/m/n/10 Developing Topol-ogy and Pa-ram-e-ter Files: []$\OT1/cmtt/m/n
/10 http : / / www . ks . uiuc . edu / Training / Tutorials / science /
 []


Overfull \hbox (69.32433pt too wide) in paragraph at lines 556--557
[]\OT1/cmr/m/n/10 NAMD Tu-to-rial: Topol-ogy Files ([]$\OT1/cmtt/m/n/10 http : 
/ / www . ks . uiuc . edu / Training / Tutorials / namd / namd-[]tutorial-[]win
-[]html /
 []


Underfull \hbox (badness 10000) in paragraph at lines 556--557

 []


Underfull \hbox (badness 10000) in paragraph at lines 566--573

 []


Underfull \hbox (badness 10000) in paragraph at lines 566--573

 []

<images/bonds.png, id=407, 127.1952pt x 72.27pt>
File: images/bonds.png Graphic file (type png)
 <use images/bonds.png>
Package pdftex.def Info: images/bonds.png used on input line 589.
(pdftex.def)             Requested size: 127.19489pt x 72.2698pt.

[19] <images/angle.png, id=421, 127.1952pt x 72.27pt>
File: images/angle.png Graphic file (type png)
 <use images/angle.png>
Package pdftex.def Info: images/angle.png used on input line 597.
(pdftex.def)             Requested size: 127.19489pt x 72.2698pt.

<images/dihedrals.png, id=422, 127.1952pt x 72.27pt>
File: images/dihedrals.png Graphic file (type png)

<use images/dihedrals.png>
Package pdftex.def Info: images/dihedrals.png used on input line 607.
(pdftex.def)             Requested size: 127.19489pt x 72.2698pt.

<images/nonbonded.png, id=423, 701.5008pt x 509.2626pt>
File: images/nonbonded.png Graphic file (type png)

<use images/nonbonded.png>
Package pdftex.def Info: images/nonbonded.png used on input line 616.
(pdftex.def)             Requested size: 210.45186pt x 152.77995pt.
 [20pdfTeX warning (ext4): destination with the same identifier (name{figure.3}
) has been already used, duplicate ignored

\@EveryShipout@Output ...@Org@Shipout \box \@cclv 
                                                  
l.619 
      pdfTeX warning (ext4): destination with the same identifier (name{figure.
4}) has been already used, duplicate ignored

\@EveryShipout@Output ...@Org@Shipout \box \@cclv 
                                                  
l.619 
      pdfTeX warning (ext4): destination with the same identifier (name{figure.
5}) has been already used, duplicate ignored

\@EveryShipout@Output ...@Org@Shipout \box \@cclv 
                                                  
l.619 
       <./images/bonds.png> <./images/angle.png> <./images/dihedrals.png>]
Underfull \hbox (badness 10000) in paragraph at lines 622--624

 []


Overfull \hbox (7.7983pt too wide) in paragraph at lines 625--626
\OT1/cmr/m/n/10 Currently, sup-ported sec-tions of the \OT1/cmtt/m/n/10 CHARMM 
\OT1/cmr/m/n/10 com-pli-ant file in-clude \OT1/cmtt/m/n/10 BONDS\OT1/cmr/m/n/10
 , \OT1/cmtt/m/n/10 ANGLES\OT1/cmr/m/n/10 , \OT1/cmtt/m/n/10 DIHEDRALS\OT1/cmr/
m/n/10 , \OT1/cmtt/m/n/10 NONBONDED\OT1/cmr/m/n/10 ,
 []


Underfull \hbox (badness 10000) in paragraph at lines 625--626

 []


Underfull \hbox (badness 10000) in paragraph at lines 628--643

 []


Underfull \hbox (badness 10000) in paragraph at lines 628--643

 []


Underfull \hbox (badness 10000) in paragraph at lines 628--643

 []


Underfull \hbox (badness 10000) in paragraph at lines 628--643

 []


Underfull \hbox (badness 10000) in paragraph at lines 644--664

 []


Underfull \hbox (badness 10000) in paragraph at lines 644--664

 []


Underfull \hbox (badness 10000) in paragraph at lines 644--664

 []

[21pdfTeX warning (ext4): destination with the same identifier (name{figure.6})
 has been already used, duplicate ignored

\@EveryShipout@Output ...@Org@Shipout \box \@cclv 
                                                  
l.664 \subsubsection
                    {DIHEDRALS} <./images/nonbonded.png>]
Underfull \hbox (badness 10000) in paragraph at lines 665--686

 []


Underfull \hbox (badness 10000) in paragraph at lines 665--686

 []

[22]
Underfull \hbox (badness 10000) in paragraph at lines 687--688

 []


Underfull \hbox (badness 10000) in paragraph at lines 690--704

 []


Underfull \hbox (badness 10000) in paragraph at lines 690--704

 []


Underfull \hbox (badness 10000) in paragraph at lines 690--704

 []


Underfull \hbox (badness 10000) in paragraph at lines 706--716

 []


Underfull \hbox (badness 10000) in paragraph at lines 706--716

 []


Underfull \hbox (badness 10000) in paragraph at lines 706--716

 []

[23]
Underfull \hbox (badness 10000) in paragraph at lines 724--739

 []


Underfull \hbox (badness 10000) in paragraph at lines 724--739

 []


Underfull \hbox (badness 10000) in paragraph at lines 724--739

 []

[24]
Underfull \hbox (badness 10000) in paragraph at lines 747--748

 []


Underfull \hbox (badness 10000) in paragraph at lines 751--752

 []


Underfull \hbox (badness 10000) in paragraph at lines 753--754

 []

[25]
Underfull \hbox (badness 10000) in paragraph at lines 836--837

 []


Underfull \hbox (badness 10000) in paragraph at lines 837--856

 []


Underfull \hbox (badness 10000) in paragraph at lines 837--856

 []


Underfull \hbox (badness 10000) in paragraph at lines 837--856

 []


Overfull \hbox (48.83443pt too wide) in paragraph at lines 857--867
[][][][][][][] \OT1/cmr/m/n/10 In case of \OT1/cmtt/m/n/10 Restart true\OT1/cmr
/m/n/10 , the restart PDB out-put file from GOMC (Out-put-Name[]BOX[]0[]restart
.pdb)
 []


Underfull \hbox (badness 10000) in paragraph at lines 857--867

 []

[26]
Underfull \hbox (badness 10000) in paragraph at lines 871--872

 []


Underfull \hbox (badness 10000) in paragraph at lines 872--874

 []


Underfull \hbox (badness 10000) in paragraph at lines 872--874

 []


Underfull \hbox (badness 10000) in paragraph at lines 875--892

 []


Underfull \hbox (badness 10000) in paragraph at lines 893--903

 []


Underfull \hbox (badness 10000) in paragraph at lines 908--910

 []


Underfull \hbox (badness 10000) in paragraph at lines 916--917

 []

[27] [28] [29]

LaTeX Warning: Command \r invalid in math mode on input line 1054.

[30]
Overfull \hbox (5.49542pt too wide) in paragraph at lines 1117--1118
[]\OT1/cmr/m/n/10 ([][][][][][]) Frac-tional per-cent-age at which par-
 []


Underfull \hbox (badness 10000) in paragraph at lines 1132--1134

 []

[31]
Overfull \hbox (2.5534pt too wide) in paragraph at lines 1135--1136
[]\OT1/cmr/m/n/10 ([][][][][][]) Con-sid-ers to change
 []


Overfull \hbox (0.84268pt too wide) in paragraph at lines 1141--1142
[]\OT1/cmr/m/n/10 ([][][][][][]) Chang-ing the vol-ume of fluid
 []


Overfull \hbox (35.89671pt too wide) in paragraph at lines 1146--1147
[]\OT1/cmr/m/n/10 Defines the shape and size of the sim-u-la-tion pe-ri-odic ce
ll. \OT1/cmtt/m/n/10 CellBasisVector1\OT1/cmr/m/n/10 , \OT1/cmtt/m/n/10 CellBas
isVector2\OT1/cmr/m/n/10 ,
 []


Underfull \hbox (badness 10000) in paragraph at lines 1153--1177

 []


Underfull \hbox (badness 10000) in paragraph at lines 1153--1177

 []


Underfull \hbox (badness 10000) in paragraph at lines 1153--1177

 []


Underfull \hbox (badness 10000) in paragraph at lines 1153--1177

 []

[32]
Underfull \hbox (badness 10000) in paragraph at lines 1178--1179

 []


Underfull \hbox (badness 10000) in paragraph at lines 1212--1220

 []

[33]
Underfull \hbox (badness 10000) in paragraph at lines 1226--1228

 []


Overfull \hbox (4.20566pt too wide) in paragraph at lines 1226--1228
[][][][][][] \OT1/cmr/m/n/10 At the be-gin-ning of sim-u-la-tion, a merged PSF 
file will be dumped into Out-put-Name[]merged.pdb,
 []


LaTeX Warning: Command \r invalid in math mode on input line 1231.


LaTeX Warning: Command \r invalid in math mode on input line 1231.

[34]
Overfull \hbox (56.31029pt too wide) in paragraph at lines 1302--1304
[]
 []


Underfull \hbox (badness 10000) in paragraph at lines 1302--1304

 []

[35] [36]
Underfull \hbox (badness 10000) in paragraph at lines 1346--1349

 []


Underfull \hbox (badness 10000) in paragraph at lines 1346--1349

 []


Underfull \hbox (badness 10000) in paragraph at lines 1346--1349

 []


Underfull \hbox (badness 10000) in paragraph at lines 1370--1378

 []


Underfull \hbox (badness 10000) in paragraph at lines 1370--1378

 []


Underfull \hbox (badness 10000) in paragraph at lines 1370--1378

 []


Underfull \hbox (badness 10000) in paragraph at lines 1370--1378

 []

[37]
Underfull \hbox (badness 10000) in paragraph at lines 1384--1385

 []


Underfull \hbox (badness 10000) in paragraph at lines 1384--1385

 []

<images/out1.png, id=508, 729.72626pt x 719.68875pt>
File: images/out1.png Graphic file (type png)
 <use images/out1.png>
Package pdftex.def Info: images/out1.png used on input line 1387.
(pdftex.def)             Requested size: 510.8049pt x 503.77869pt.

Overfull \hbox (41.04988pt too wide) in paragraph at lines 1387--1388
[][] 
 []

<images/out2.png, id=509, 666.49pt x 645.41125pt>
File: images/out2.png Graphic file (type png)
 <use images/out2.png>
Package pdftex.def Info: images/out2.png used on input line 1390.
(pdftex.def)             Requested size: 466.53983pt x 451.7848pt.

[38] [39 <./images/out1.png>] [40 <./images/out2.png>]
<images/out3.png, id=525, 574.145pt x 285.065pt>
File: images/out3.png Graphic file (type png)
 <use images/out3.png>
Package pdftex.def Info: images/out3.png used on input line 1396.
(pdftex.def)             Requested size: 401.89876pt x 199.54413pt.

<images/out4.png, id=526, 571.13374pt x 464.73625pt>
File: images/out4.png Graphic file (type png)
 <use images/out4.png>
Package pdftex.def Info: images/out4.png used on input line 1400.
(pdftex.def)             Requested size: 399.7909pt x 325.31316pt.

Underfull \hbox (badness 10000) in paragraph at lines 1402--1407

 []

[41 <./images/out3.png> <./images/out4.png>]
Underfull \hbox (badness 10000) in paragraph at lines 1431--1436

 []


Underfull \hbox (badness 10000) in paragraph at lines 1431--1436

 []


Underfull \hbox (badness 10000) in paragraph at lines 1431--1436

 []


Underfull \hbox (badness 10000) in paragraph at lines 1437--1439

 []


Underfull \hbox (badness 10000) in paragraph at lines 1442--1449

 []


Underfull \hbox (badness 10000) in paragraph at lines 1442--1449

 []


Underfull \hbox (badness 10000) in paragraph at lines 1442--1449

 []


Underfull \hbox (badness 10000) in paragraph at lines 1442--1449

 []


Underfull \hbox (badness 10000) in paragraph at lines 1442--1449

 []

[42]
Underfull \hbox (badness 10000) in paragraph at lines 1450--1458

 []


Underfull \hbox (badness 10000) in paragraph at lines 1450--1458

 []


Underfull \hbox (badness 10000) in paragraph at lines 1450--1458

 []


Underfull \hbox (badness 10000) in paragraph at lines 1450--1458

 []


Underfull \hbox (badness 10000) in paragraph at lines 1450--1458

 []


Underfull \hbox (badness 10000) in paragraph at lines 1459--1463

 []


Underfull \hbox (badness 10000) in paragraph at lines 1459--1463

 []


Underfull \hbox (badness 10000) in paragraph at lines 1459--1463

 []

[43]
Underfull \hbox (badness 10000) in paragraph at lines 1467--1473

 []


Underfull \hbox (badness 10000) in paragraph at lines 1489--1490

 []


Underfull \hbox (badness 10000) in paragraph at lines 1500--1501

 []


Underfull \hbox (badness 10000) in paragraph at lines 1500--1501

 []


Underfull \hbox (badness 10000) in paragraph at lines 1503--1593

 []


Underfull \hbox (badness 10000) in paragraph at lines 1503--1593

 []


Underfull \hbox (badness 10000) in paragraph at lines 1503--1593

 []


Underfull \hbox (badness 10000) in paragraph at lines 1503--1593

 []


Underfull \hbox (badness 10000) in paragraph at lines 1503--1593

 []


Underfull \hbox (badness 10000) in paragraph at lines 1503--1593

 []


Underfull \hbox (badness 10000) in paragraph at lines 1503--1593

 []


Underfull \hbox (badness 10000) in paragraph at lines 1503--1593

 []


Underfull \hbox (badness 10000) in paragraph at lines 1503--1593

 []


Underfull \hbox (badness 10000) in paragraph at lines 1503--1593

 []


Underfull \hbox (badness 10000) in paragraph at lines 1503--1593

 []


Underfull \hbox (badness 10000) in paragraph at lines 1503--1593

 []


Underfull \hbox (badness 10000) in paragraph at lines 1503--1593

 []

[44] [45] <images/isobutane_result.png, id=558, 857.604pt x 650.43pt>
File: images/isobutane_result.png Graphic file (type png)

<use images/isobutane_result.png>
Package pdftex.def Info: images/isobutane_result.png used on input line 1619.
(pdftex.def)             Requested size: 428.80095pt x 325.2142pt.

Underfull \hbox (badness 10000) in paragraph at lines 1598--1621

 []


Underfull \hbox (badness 10000) in paragraph at lines 1598--1621

 []


Underfull \hbox (badness 10000) in paragraph at lines 1598--1621

 []


Underfull \hbox (badness 10000) in paragraph at lines 1598--1621

 []


Underfull \hbox (badness 10000) in paragraph at lines 1598--1621

 []

[46] [47pdfTeX warning (ext4): destination with the same identifier (name{figur
e.7}) has been already used, duplicate ignored

\@EveryShipout@Output ...@Org@Shipout \box \@cclv 
                                                  
l.1622 \newpage
                <./images/isobutane_result.png>]
Underfull \hbox (badness 10000) in paragraph at lines 1630--1631

 []


Underfull \hbox (badness 10000) in paragraph at lines 1640--1641

 []

<images/VDW_SHIFT.png, id=569, 325.215pt x 227.4096pt>
File: images/VDW_SHIFT.png Graphic file (type png)

<use images/VDW_SHIFT.png>
Package pdftex.def Info: images/VDW_SHIFT.png used on input line 1668.
(pdftex.def)             Requested size: 325.2142pt x 227.40904pt.
 [48]
Underfull \hbox (badness 10000) in paragraph at lines 1678--1681

 []

[49pdfTeX warning (ext4): destination with the same identifier (name{figure.8})
 has been already used, duplicate ignored

\@EveryShipout@Output ...@Org@Shipout \box \@cclv 
                                                  
l.1705 \]
          <./images/VDW_SHIFT.png>]
<images/SWITCH.png, id=593, 325.215pt x 227.4096pt>
File: images/SWITCH.png Graphic file (type png)
 <use images/SWITCH.png>
Package pdftex.def Info: images/SWITCH.png used on input line 1711.
(pdftex.def)             Requested size: 325.2142pt x 227.40904pt.

[50pdfTeX warning (ext4): destination with the same identifier (name{figure.9})
 has been already used, duplicate ignored

\@EveryShipout@Output ...@Org@Shipout \box \@cclv 
                                                  
l.1723 \newpage
                <./images/SWITCH.png>]
<images/MARTINI.png, id=602, 325.215pt x 234.6366pt>
File: images/MARTINI.png Graphic file (type png)
 <use images/MARTINI.png>
Package pdftex.def Info: images/MARTINI.png used on input line 1767.
(pdftex.def)             Requested size: 325.2142pt x 234.63602pt.

[51pdfTeX warning (ext4): destination with the same identifier (name{figure.10}
) has been already used, duplicate ignored

\@EveryShipout@Output ...@Org@Shipout \box \@cclv 
                                                  
l.1770 \newpage
                <./images/MARTINI.png>]
Underfull \hbox (badness 10000) in paragraph at lines 1776--1778

 []


Underfull \hbox (badness 10000) in paragraph at lines 1791--1793

 []


Underfull \hbox (badness 10000) in paragraph at lines 1816--1817

 []

[52]
Underfull \hbox (badness 10000) in paragraph at lines 1844--1845

 []


Underfull \hbox (badness 10000) in paragraph at lines 1858--1859

 []

[53]
Underfull \hbox (badness 10000) in paragraph at lines 1873--1874

 []

[54]
Underfull \hbox (badness 10000) in paragraph at lines 1884--1887

 []


Underfull \hbox (badness 10000) in paragraph at lines 1884--1887

 []


Underfull \hbox (badness 10000) in paragraph at lines 1884--1887

 []

[55]
Package atveryend Info: Empty hook `BeforeClearDocument' on input line 1895.
Package atveryend Info: Empty hook `AfterLastShipout' on input line 1895.
 (./Manual.aux)
Package atveryend Info: Executing hook `AtVeryEndDocument' on input line 1895.
Package atveryend Info: Executing hook `AtEndAfterFileList' on input line 1895.

Package rerunfilecheck Info: File `Manual.out' has not changed.
(rerunfilecheck)             Checksum: D549FBED54DE63DE7E2EA4C4C4C4825B;3429.


LaTeX Font Warning: Some font shapes were not available, defaults substituted.

Package atveryend Info: Empty hook `AtVeryVeryEnd' on input line 1895.
 ) 
Here is how much of TeX's memory you used:
 16316 strings out of 493014
 272903 string characters out of 6133350
 395275 words of memory out of 5000000
 19434 multiletter control sequences out of 15000+600000
 10700 words of font info for 40 fonts, out of 8000000 for 9000
 1141 hyphenation exceptions out of 8191
 40i,28n,40p,946b,517s stack positions out of 5000i,500n,10000p,200000b,80000s
</usr/local/texlive/2016/texmf-dist/fonts/type1/public/amsfonts/cm/cmbx10.pfb
></usr/local/texlive/2016/texmf-dist/fonts/type1/public/amsfonts/cm/cmbx12.pfb>
</usr/local/texlive/2016/texmf-dist/fonts/type1/public/amsfonts/cm/cmex10.pfb><
/usr/local/texlive/2016/texmf-dist/fonts/type1/public/amsfonts/cm/cmitt10.pfb><
/usr/local/texlive/2016/texmf-dist/fonts/type1/public/amsfonts/cm/cmmi10.pfb></
usr/local/texlive/2016/texmf-dist/fonts/type1/public/amsfonts/cm/cmmi5.pfb></us
r/local/texlive/2016/texmf-dist/fonts/type1/public/amsfonts/cm/cmmi7.pfb></usr/
local/texlive/2016/texmf-dist/fonts/type1/public/amsfonts/cm/cmr10.pfb></usr/lo
cal/texlive/2016/texmf-dist/fonts/type1/public/amsfonts/cm/cmr12.pfb></usr/loca
l/texlive/2016/texmf-dist/fonts/type1/public/amsfonts/cm/cmr17.pfb></usr/local/
texlive/2016/texmf-dist/fonts/type1/public/amsfonts/cm/cmr5.pfb></usr/local/tex
live/2016/texmf-dist/fonts/type1/public/amsfonts/cm/cmr7.pfb></usr/local/texliv
e/2016/texmf-dist/fonts/type1/public/amsfonts/cm/cmsy10.pfb></usr/local/texlive
/2016/texmf-dist/fonts/type1/public/amsfonts/cm/cmsy7.pfb></usr/local/texlive/2
016/texmf-dist/fonts/type1/public/amsfonts/cm/cmti10.pfb></usr/local/texlive/20
16/texmf-dist/fonts/type1/public/amsfonts/cm/cmtt10.pfb></usr/local/texlive/201
6/texmf-dist/fonts/type1/public/amsfonts/cm/cmtt8.pfb>
Output written on Manual.pdf (55 pages, 1815486 bytes).
PDF statistics:
 746 PDF objects out of 1000 (max. 8388607)
 626 compressed objects within 7 object streams
 171 named destinations out of 1000 (max. 500000)
 517 words of extra memory for PDF output out of 10000 (max. 10000000)

