\BOOKMARK [1][-]{section.1}{Tutorial Overview}{}% 1
\BOOKMARK [1][-]{section.2}{Introduction}{}% 2
\BOOKMARK [1][-]{section.3}{How to get the software}{}% 3
\BOOKMARK [1][-]{section.4}{Platform and Software Requirements}{}% 4
\BOOKMARK [2][-]{subsection.4.1}{Supported Operating Systems}{section.4}% 5
\BOOKMARK [2][-]{subsection.4.2}{Required Software Requisites}{section.4}% 6
\BOOKMARK [1][-]{section.5}{Highly Recommended Software Tools}{}% 7
\BOOKMARK [2][-]{subsection.5.1}{VMD}{section.5}% 8
\BOOKMARK [2][-]{subsection.5.2}{Packmol}{section.5}% 9
\BOOKMARK [1][-]{section.6}{Compiling GOMC}{}% 10
\BOOKMARK [2][-]{subsection.6.1}{Extracting the code}{section.6}% 11
\BOOKMARK [2][-]{subsection.6.2}{Compiling the code}{section.6}% 12
\BOOKMARK [3][-]{subsubsection.6.2.1}{GPU Code}{subsection.6.2}% 13
\BOOKMARK [3][-]{subsubsection.6.2.2}{CPU Code}{subsection.6.2}% 14
\BOOKMARK [1][-]{section.7}{Input File Formats}{}% 15
\BOOKMARK [2][-]{subsection.7.1}{PDB File}{section.7}% 16
\BOOKMARK [2][-]{subsection.7.2}{PSF File}{section.7}% 17
\BOOKMARK [2][-]{subsection.7.3}{Topology File}{section.7}% 18
\BOOKMARK [2][-]{subsection.7.4}{Parameter File\(s\):}{section.7}% 19
\BOOKMARK [3][-]{subsubsection.7.4.1}{BONDS}{subsection.7.4}% 20
\BOOKMARK [3][-]{subsubsection.7.4.2}{ANGLES}{subsection.7.4}% 21
\BOOKMARK [3][-]{subsubsection.7.4.3}{DIHEDRALS}{subsection.7.4}% 22
\BOOKMARK [3][-]{subsubsection.7.4.4}{IMPROPERS}{subsection.7.4}% 23
\BOOKMARK [3][-]{subsubsection.7.4.5}{NONBONDED}{subsection.7.4}% 24
\BOOKMARK [3][-]{subsubsection.7.4.6}{NBFIX}{subsection.7.4}% 25
\BOOKMARK [2][-]{subsection.7.5}{Exotic Parameter file}{section.7}% 26
\BOOKMARK [2][-]{subsection.7.6}{Control File \(*.conf\)}{section.7}% 27
\BOOKMARK [3][-]{subsubsection.7.6.1}{Input/Simulation Setup}{subsection.7.6}% 28
\BOOKMARK [3][-]{subsubsection.7.6.2}{System Settings for During Run Setup}{subsection.7.6}% 29
\BOOKMARK [3][-]{subsubsection.7.6.3}{Output Controls}{subsection.7.6}% 30
\BOOKMARK [1][-]{section.8}{GOMC's Output Files, Terminal Output}{}% 31
\BOOKMARK [2][-]{subsection.8.1}{Console Output}{section.8}% 32
\BOOKMARK [2][-]{subsection.8.2}{Block Output Files}{section.8}% 33
\BOOKMARK [2][-]{subsection.8.3}{Visualizing Simulation}{section.8}% 34
\BOOKMARK [1][-]{section.9}{Putting it all together: Running a GOMC Simulation}{}% 35
\BOOKMARK [1][-]{section.10}{Intermolecular Energy and Virial function \(Van der Waals\)}{}% 36
\BOOKMARK [2][-]{subsection.10.1}{VDW}{section.10}% 37
\BOOKMARK [2][-]{subsection.10.2}{SHIFT}{section.10}% 38
\BOOKMARK [2][-]{subsection.10.3}{SWITCH}{section.10}% 39
\BOOKMARK [2][-]{subsection.10.4}{SWITCH \(MARTINI\)}{section.10}% 40
\BOOKMARK [1][-]{section.11}{Intermolecular Energy and Virial function \(Electrostatic\)}{}% 41
\BOOKMARK [2][-]{subsection.11.1}{Ewald}{section.11}% 42
\BOOKMARK [2][-]{subsection.11.2}{SHIFT}{section.11}% 43
\BOOKMARK [2][-]{subsection.11.3}{SWITCH}{section.11}% 44
\BOOKMARK [2][-]{subsection.11.4}{SWITCH \(MARTINI\)}{section.11}% 45
\BOOKMARK [1][-]{section.12}{Get Help or Technical Support }{}% 46
